e:\my creative cloud\aug\max15\max\x64\debug\max.pch
e:\my creative cloud\aug\max15\max\x64\debug\vc141.pdb
e:\my creative cloud\aug\max15\max\x64\debug\vc141.idb
e:\my creative cloud\aug\max15\max\x64\debug\stdafx.obj
e:\my creative cloud\aug\max15\max\x64\debug\vc140.pdb
e:\my creative cloud\aug\max15\max\x64\debug\vc140.idb
e:\my creative cloud\aug\max15\max\x64\debug\maxview.obj
e:\my creative cloud\aug\max15\max\x64\debug\maxdoc.obj
e:\my creative cloud\aug\max15\max\x64\debug\max.obj
e:\my creative cloud\aug\max15\max\x64\debug\mainfrm.obj
e:\my creative cloud\aug\max15\x64\debug\max.ilk
e:\my creative cloud\aug\max15\x64\debug\max.exe
e:\my creative cloud\aug\max15\x64\debug\max.pdb
e:\my creative cloud\aug\max15\max\x64\debug\max.tlb
e:\my creative cloud\aug\max15\max\max_i.c
e:\my creative cloud\aug\max15\max\max_h.h
e:\my creative cloud\aug\max15\max\x64\debug\max.res
e:\my creative cloud\aug\max15\max\x64\debug\max.tlog\cl.command.1.tlog
e:\my creative cloud\aug\max15\max\x64\debug\max.tlog\cl.read.1.tlog
e:\my creative cloud\aug\max15\max\x64\debug\max.tlog\cl.write.1.tlog
e:\my creative cloud\aug\max15\max\x64\debug\max.tlog\link.command.1.tlog
e:\my creative cloud\aug\max15\max\x64\debug\max.tlog\link.read.1.tlog
e:\my creative cloud\aug\max15\max\x64\debug\max.tlog\link.write.1.tlog
e:\my creative cloud\aug\max15\max\x64\debug\max.tlog\midl.command.1.tlog
e:\my creative cloud\aug\max15\max\x64\debug\max.tlog\midl.read.1.tlog
e:\my creative cloud\aug\max15\max\x64\debug\max.tlog\midl.write.1.tlog
e:\my creative cloud\aug\max15\max\x64\debug\max.tlog\rc.command.1.tlog
e:\my creative cloud\aug\max15\max\x64\debug\max.tlog\rc.read.1.tlog
e:\my creative cloud\aug\max15\max\x64\debug\max.tlog\rc.write.1.tlog
