d:\max\max-objects\sysbuild\intermediate\debug_win32\smoov\smoov.pdb
d:\max\max-objects\sysbuild\intermediate\debug_win32\smoov\smoov.idb
d:\max\max-objects\sysbuild\intermediate\debug_win32\smoov\smoov.obj
d:\max\max-objects\sysbuild\intermediate\debug_win32\smoov\dllmain_win.obj
d:\max\max-objects\externals\smoov.ilk
d:\max\max-objects\externals\smoov.mxe
d:\max\max-objects\sysbuild\intermediate\debug_win32\smoov\smoov.mxe.intermediate.manifest
d:\max\max-objects\sysbuild\intermediate\debug_win32\smoov\smoov.manifest
d:\max\max-objects\sysbuild\intermediate\debug_win32\smoov\smoov.lib
d:\max\max-objects\sysbuild\intermediate\debug_win32\smoov\smoov.exp
d:\max\max-objects\source\smoov~\..\..\externals\smoov.mxe
d:\max\max-objects\sysbuild\intermediate\debug_win32\smoov\smoov.tlog\cl.command.1.tlog
d:\max\max-objects\sysbuild\intermediate\debug_win32\smoov\smoov.tlog\cl.read.1.tlog
d:\max\max-objects\sysbuild\intermediate\debug_win32\smoov\smoov.tlog\cl.write.1.tlog
d:\max\max-objects\sysbuild\intermediate\debug_win32\smoov\smoov.tlog\link.command.1.tlog
d:\max\max-objects\sysbuild\intermediate\debug_win32\smoov\smoov.tlog\link.read.1.tlog
d:\max\max-objects\sysbuild\intermediate\debug_win32\smoov\smoov.tlog\link.write.1.tlog
d:\max\max-objects\sysbuild\intermediate\debug_win32\smoov\smoov.tlog\mt.command.1.tlog
d:\max\max-objects\sysbuild\intermediate\debug_win32\smoov\smoov.tlog\mt.read.1.tlog
d:\max\max-objects\sysbuild\intermediate\debug_win32\smoov\smoov.tlog\mt.write.1.tlog
d:\max\max-objects\sysbuild\intermediate\debug_win32\smoov\smoov.tlog\smoov.write.1u.tlog
