e:\my creative cloud\aug\max15\maxhandlers\x64\debug\maxhandlers.pch
e:\my creative cloud\aug\max15\maxhandlers\x64\debug\vc141.pdb
e:\my creative cloud\aug\max15\maxhandlers\x64\debug\vc141.idb
e:\my creative cloud\aug\max15\maxhandlers\x64\debug\stdafx.obj
e:\my creative cloud\aug\max15\maxhandlers\x64\debug\maxhandlers.obj
e:\my creative cloud\aug\max15\maxhandlers\x64\debug\dllmain.obj
e:\my creative cloud\aug\max15\maxhandlers\x64\debug\maxview.obj
e:\my creative cloud\aug\max15\maxhandlers\x64\debug\maxdoc.obj
e:\my creative cloud\aug\max15\maxhandlers\x64\debug\xdlldata.obj
e:\my creative cloud\aug\max15\maxhandlers\x64\debug\maxhandlers_i.obj
e:\my creative cloud\aug\max15\maxhandlers\x64\debug\maxhandlers.res
e:\my creative cloud\aug\max15\maxhandlers\x64\debug\maxhandlers.tlb
e:\my creative cloud\aug\max15\maxhandlers\x64\debug\maxhandlers.tlog\cl.command.1.tlog
e:\my creative cloud\aug\max15\maxhandlers\x64\debug\maxhandlers.tlog\cl.read.1.tlog
e:\my creative cloud\aug\max15\maxhandlers\x64\debug\maxhandlers.tlog\cl.write.1.tlog
e:\my creative cloud\aug\max15\maxhandlers\x64\debug\maxhandlers.tlog\link.command.1.tlog
e:\my creative cloud\aug\max15\maxhandlers\x64\debug\maxhandlers.tlog\link.read.1.tlog
e:\my creative cloud\aug\max15\maxhandlers\x64\debug\maxhandlers.tlog\link.write.1.tlog
e:\my creative cloud\aug\max15\maxhandlers\x64\debug\maxhandlers.tlog\midl-midlc-cl.read.1.tlog
e:\my creative cloud\aug\max15\maxhandlers\x64\debug\maxhandlers.tlog\midl-midlc-cl.write.1.tlog
e:\my creative cloud\aug\max15\maxhandlers\x64\debug\maxhandlers.tlog\midl-midlc.read.1.tlog
e:\my creative cloud\aug\max15\maxhandlers\x64\debug\maxhandlers.tlog\midl-midlc.write.1.tlog
e:\my creative cloud\aug\max15\maxhandlers\x64\debug\maxhandlers.tlog\midl.command.1.tlog
e:\my creative cloud\aug\max15\maxhandlers\x64\debug\maxhandlers.tlog\midl.read.1.tlog
e:\my creative cloud\aug\max15\maxhandlers\x64\debug\maxhandlers.tlog\midl.write.1.tlog
e:\my creative cloud\aug\max15\maxhandlers\x64\debug\maxhandlers.tlog\rc.command.1.tlog
e:\my creative cloud\aug\max15\maxhandlers\x64\debug\maxhandlers.tlog\rc.read.1.tlog
e:\my creative cloud\aug\max15\maxhandlers\x64\debug\maxhandlers.tlog\rc.write.1.tlog
